<?xml version="1.0" encoding="UTF-8"?>
<!-- Generated by org.testng.reporters.JUnitReportReporter -->
<testsuite hostname="MY-PC" failures="0" tests="1" name="github.practice.pull" time="0.019" errors="0" timestamp="2021-11-12T02:53:35 GMT-08:00" skipped="0">
  <testcase classname="github.practice.pull" name="github" time="0.019"/>
  <system-out/>
</testsuite> <!-- github.practice.pull -->
