<?xml version="1.0" encoding="UTF-8"?>
<!-- Generated by org.testng.reporters.JUnitReportReporter -->
<testsuite hostname="MY-PC" failures="0" tests="1" name="demotest.smoke" time="0.021" errors="0" timestamp="2021-11-11T02:53:09 GMT-08:00" skipped="0">
  <testcase classname="demotest.smoke" name="demotest" time="0.021"/>
  <system-out/>
</testsuite> <!-- demotest.smoke -->
